<?xml version="1.0" encoding="UTF-8"?>
<testng-results skipped="0" failed="1" ignored="0" total="12" passed="11">
  <reporter-output>
  </reporter-output>
  <suite name="Default suite" duration-ms="118619" started-at="2018-08-04T10:47:22Z" finished-at="2018-08-04T10:49:20Z">
    <groups>
    </groups>
    <test name="Default test" duration-ms="118619" started-at="2018-08-04T10:47:22Z" finished-at="2018-08-04T10:49:20Z">
      <class name="com.crm.qa.testcases.HomePageTest">
        <test-method status="PASS" signature="setUp()[pri:0, instance:com.crm.qa.testcases.HomePageTest@192b07fd]" name="setUp" is-config="true" duration-ms="10326" started-at="2018-08-04T11:47:22Z" finished-at="2018-08-04T11:47:32Z">
          <reporter-output>
          </reporter-output>
        </test-method> <!-- setUp -->
        <test-method status="PASS" signature="VerifyHomePageTitleTest()[pri:1, instance:com.crm.qa.testcases.HomePageTest@192b07fd]" name="VerifyHomePageTitleTest" duration-ms="10" started-at="2018-08-04T11:47:32Z" finished-at="2018-08-04T11:47:32Z">
          <reporter-output>
          </reporter-output>
        </test-method> <!-- VerifyHomePageTitleTest -->
        <test-method status="PASS" signature="tearDown()[pri:0, instance:com.crm.qa.testcases.HomePageTest@192b07fd]" name="tearDown" is-config="true" duration-ms="710" started-at="2018-08-04T11:47:32Z" finished-at="2018-08-04T11:47:33Z">
          <reporter-output>
          </reporter-output>
        </test-method> <!-- tearDown -->
        <test-method status="PASS" signature="setUp()[pri:0, instance:com.crm.qa.testcases.HomePageTest@192b07fd]" name="setUp" is-config="true" duration-ms="10686" started-at="2018-08-04T11:47:48Z" finished-at="2018-08-04T11:47:59Z">
          <reporter-output>
          </reporter-output>
        </test-method> <!-- setUp -->
        <test-method status="PASS" signature="VerifyUserNameTest()[pri:2, instance:com.crm.qa.testcases.HomePageTest@192b07fd]" name="VerifyUserNameTest" duration-ms="98" started-at="2018-08-04T11:47:59Z" finished-at="2018-08-04T11:47:59Z">
          <reporter-output>
          </reporter-output>
        </test-method> <!-- VerifyUserNameTest -->
        <test-method status="PASS" signature="tearDown()[pri:0, instance:com.crm.qa.testcases.HomePageTest@192b07fd]" name="tearDown" is-config="true" duration-ms="663" started-at="2018-08-04T11:47:59Z" finished-at="2018-08-04T11:48:00Z">
          <reporter-output>
          </reporter-output>
        </test-method> <!-- tearDown -->
        <test-method status="PASS" signature="setUp()[pri:0, instance:com.crm.qa.testcases.HomePageTest@192b07fd]" name="setUp" is-config="true" duration-ms="8124" started-at="2018-08-04T11:48:15Z" finished-at="2018-08-04T11:48:23Z">
          <reporter-output>
          </reporter-output>
        </test-method> <!-- setUp -->
        <test-method status="PASS" signature="VerifyClickOnContactsTest()[pri:3, instance:com.crm.qa.testcases.HomePageTest@192b07fd]" name="VerifyClickOnContactsTest" duration-ms="718" started-at="2018-08-04T11:48:23Z" finished-at="2018-08-04T11:48:23Z">
          <reporter-output>
          </reporter-output>
        </test-method> <!-- VerifyClickOnContactsTest -->
        <test-method status="PASS" signature="tearDown()[pri:0, instance:com.crm.qa.testcases.HomePageTest@192b07fd]" name="tearDown" is-config="true" duration-ms="662" started-at="2018-08-04T11:48:23Z" finished-at="2018-08-04T11:48:24Z">
          <reporter-output>
          </reporter-output>
        </test-method> <!-- tearDown -->
      </class> <!-- com.crm.qa.testcases.HomePageTest -->
      <class name="com.crm.qa.testcases.ContactsPageTest">
        <test-method status="PASS" signature="setUp()[pri:0, instance:com.crm.qa.testcases.ContactsPageTest@64bfbc86]" name="setUp" is-config="true" duration-ms="8914" started-at="2018-08-04T11:47:39Z" finished-at="2018-08-04T11:47:47Z">
          <reporter-output>
          </reporter-output>
        </test-method> <!-- setUp -->
        <test-method status="PASS" signature="VerifyContactsPageLabelTest()[pri:1, instance:com.crm.qa.testcases.ContactsPageTest@64bfbc86]" name="VerifyContactsPageLabelTest" duration-ms="37" started-at="2018-08-04T11:47:47Z" finished-at="2018-08-04T11:47:48Z">
          <reporter-output>
          </reporter-output>
        </test-method> <!-- VerifyContactsPageLabelTest -->
        <test-method status="PASS" signature="tearDown()[pri:0, instance:com.crm.qa.testcases.ContactsPageTest@64bfbc86]" name="tearDown" is-config="true" duration-ms="674" started-at="2018-08-04T11:47:48Z" finished-at="2018-08-04T11:47:48Z">
          <reporter-output>
          </reporter-output>
        </test-method> <!-- tearDown -->
        <test-method status="PASS" signature="setUp()[pri:0, instance:com.crm.qa.testcases.ContactsPageTest@64bfbc86]" name="setUp" is-config="true" duration-ms="8033" started-at="2018-08-04T11:48:06Z" finished-at="2018-08-04T11:48:14Z">
          <reporter-output>
          </reporter-output>
        </test-method> <!-- setUp -->
        <test-method status="PASS" signature="selectSingleContactsTest()[pri:2, instance:com.crm.qa.testcases.ContactsPageTest@64bfbc86]" name="selectSingleContactsTest" duration-ms="89" started-at="2018-08-04T11:48:14Z" finished-at="2018-08-04T11:48:14Z">
          <reporter-output>
          </reporter-output>
        </test-method> <!-- selectSingleContactsTest -->
        <test-method status="PASS" signature="tearDown()[pri:0, instance:com.crm.qa.testcases.ContactsPageTest@64bfbc86]" name="tearDown" is-config="true" duration-ms="713" started-at="2018-08-04T11:48:14Z" finished-at="2018-08-04T11:48:15Z">
          <reporter-output>
          </reporter-output>
        </test-method> <!-- tearDown -->
        <test-method status="PASS" signature="setUp()[pri:0, instance:com.crm.qa.testcases.ContactsPageTest@64bfbc86]" name="setUp" is-config="true" duration-ms="9313" started-at="2018-08-04T11:48:33Z" finished-at="2018-08-04T11:48:42Z">
          <reporter-output>
          </reporter-output>
        </test-method> <!-- setUp -->
        <test-method status="PASS" signature="selectMultipleContactsTest()[pri:3, instance:com.crm.qa.testcases.ContactsPageTest@64bfbc86]" name="selectMultipleContactsTest" duration-ms="189" started-at="2018-08-04T11:48:42Z" finished-at="2018-08-04T11:48:42Z">
          <reporter-output>
          </reporter-output>
        </test-method> <!-- selectMultipleContactsTest -->
        <test-method status="PASS" signature="tearDown()[pri:0, instance:com.crm.qa.testcases.ContactsPageTest@64bfbc86]" name="tearDown" is-config="true" duration-ms="707" started-at="2018-08-04T11:48:42Z" finished-at="2018-08-04T11:48:43Z">
          <reporter-output>
          </reporter-output>
        </test-method> <!-- tearDown -->
        <test-method status="PASS" signature="setUp()[pri:0, instance:com.crm.qa.testcases.ContactsPageTest@64bfbc86]" name="setUp" is-config="true" duration-ms="8571" started-at="2018-08-04T11:48:43Z" finished-at="2018-08-04T11:48:52Z">
          <reporter-output>
          </reporter-output>
        </test-method> <!-- setUp -->
        <test-method status="PASS" signature="ValidateCreateNewContactTest(java.lang.String, java.lang.String, java.lang.String, java.lang.String)[pri:4, instance:com.crm.qa.testcases.ContactsPageTest@64bfbc86]" name="ValidateCreateNewContactTest" duration-ms="2540" started-at="2018-08-04T11:48:52Z" data-provider="getCRMTestData" finished-at="2018-08-04T11:48:55Z">
          <params>
            <param index="0">
              <value>
                <![CDATA[Mr.]]>
              </value>
            </param>
            <param index="1">
              <value>
                <![CDATA[Tom]]>
              </value>
            </param>
            <param index="2">
              <value>
                <![CDATA[peter]]>
              </value>
            </param>
            <param index="3">
              <value>
                <![CDATA[Google]]>
              </value>
            </param>
          </params>
          <reporter-output>
          </reporter-output>
        </test-method> <!-- ValidateCreateNewContactTest -->
        <test-method status="PASS" signature="tearDown()[pri:0, instance:com.crm.qa.testcases.ContactsPageTest@64bfbc86]" name="tearDown" is-config="true" duration-ms="708" started-at="2018-08-04T11:48:55Z" finished-at="2018-08-04T11:48:55Z">
          <reporter-output>
          </reporter-output>
        </test-method> <!-- tearDown -->
        <test-method status="PASS" signature="setUp()[pri:0, instance:com.crm.qa.testcases.ContactsPageTest@64bfbc86]" name="setUp" is-config="true" duration-ms="9633" started-at="2018-08-04T11:48:55Z" finished-at="2018-08-04T11:49:05Z">
          <reporter-output>
          </reporter-output>
        </test-method> <!-- setUp -->
        <test-method status="PASS" signature="ValidateCreateNewContactTest(java.lang.String, java.lang.String, java.lang.String, java.lang.String)[pri:4, instance:com.crm.qa.testcases.ContactsPageTest@64bfbc86]" name="ValidateCreateNewContactTest" duration-ms="2341" started-at="2018-08-04T11:49:05Z" data-provider="getCRMTestData" finished-at="2018-08-04T11:49:07Z">
          <params>
            <param index="0">
              <value>
                <![CDATA[Dr.]]>
              </value>
            </param>
            <param index="1">
              <value>
                <![CDATA[David]]>
              </value>
            </param>
            <param index="2">
              <value>
                <![CDATA[Cris]]>
              </value>
            </param>
            <param index="3">
              <value>
                <![CDATA[Amazon]]>
              </value>
            </param>
          </params>
          <reporter-output>
          </reporter-output>
        </test-method> <!-- ValidateCreateNewContactTest -->
        <test-method status="PASS" signature="tearDown()[pri:0, instance:com.crm.qa.testcases.ContactsPageTest@64bfbc86]" name="tearDown" is-config="true" duration-ms="676" started-at="2018-08-04T11:49:07Z" finished-at="2018-08-04T11:49:08Z">
          <reporter-output>
          </reporter-output>
        </test-method> <!-- tearDown -->
        <test-method status="PASS" signature="setUp()[pri:0, instance:com.crm.qa.testcases.ContactsPageTest@64bfbc86]" name="setUp" is-config="true" duration-ms="9573" started-at="2018-08-04T11:49:08Z" finished-at="2018-08-04T11:49:17Z">
          <reporter-output>
          </reporter-output>
        </test-method> <!-- setUp -->
        <test-method status="PASS" signature="ValidateCreateNewContactTest(java.lang.String, java.lang.String, java.lang.String, java.lang.String)[pri:4, instance:com.crm.qa.testcases.ContactsPageTest@64bfbc86]" name="ValidateCreateNewContactTest" duration-ms="2058" started-at="2018-08-04T11:49:17Z" data-provider="getCRMTestData" finished-at="2018-08-04T11:49:19Z">
          <params>
            <param index="0">
              <value>
                <![CDATA[Mrs.]]>
              </value>
            </param>
            <param index="1">
              <value>
                <![CDATA[Mukta]]>
              </value>
            </param>
            <param index="2">
              <value>
                <![CDATA[Sharma]]>
              </value>
            </param>
            <param index="3">
              <value>
                <![CDATA[Ebay]]>
              </value>
            </param>
          </params>
          <reporter-output>
          </reporter-output>
        </test-method> <!-- ValidateCreateNewContactTest -->
        <test-method status="PASS" signature="tearDown()[pri:0, instance:com.crm.qa.testcases.ContactsPageTest@64bfbc86]" name="tearDown" is-config="true" duration-ms="662" started-at="2018-08-04T11:49:20Z" finished-at="2018-08-04T11:49:20Z">
          <reporter-output>
          </reporter-output>
        </test-method> <!-- tearDown -->
      </class> <!-- com.crm.qa.testcases.ContactsPageTest -->
      <class name="com.crm.qa.testcases.LoginPageTest">
        <test-method status="PASS" signature="setUp()[pri:0, instance:com.crm.qa.testcases.LoginPageTest@64bf3bbf]" name="setUp" is-config="true" duration-ms="5304" started-at="2018-08-04T11:47:33Z" finished-at="2018-08-04T11:47:38Z">
          <reporter-output>
          </reporter-output>
        </test-method> <!-- setUp -->
        <test-method status="FAIL" signature="LoginPageTitleTest()[pri:1, instance:com.crm.qa.testcases.LoginPageTest@64bf3bbf]" name="LoginPageTitleTest" duration-ms="11" started-at="2018-08-04T11:47:38Z" finished-at="2018-08-04T11:47:38Z">
          <exception class="java.lang.AssertionError">
            <message>
              <![CDATA[expected [Free CRM software in the cloud powers sales and customer service] but found [#1 Free CRM software in the cloud for sales and service]]]>
            </message>
            <full-stacktrace>
              <![CDATA[java.lang.AssertionError: expected [Free CRM software in the cloud powers sales and customer service] but found [#1 Free CRM software in the cloud for sales and service]
	at org.testng.Assert.fail(Assert.java:93)
	at org.testng.Assert.failNotEquals(Assert.java:512)
	at org.testng.Assert.assertEqualsImpl(Assert.java:134)
	at org.testng.Assert.assertEquals(Assert.java:115)
	at org.testng.Assert.assertEquals(Assert.java:189)
	at org.testng.Assert.assertEquals(Assert.java:199)
	at com.crm.qa.testcases.LoginPageTest.LoginPageTitleTest(LoginPageTest.java:37)
	at sun.reflect.NativeMethodAccessorImpl.invoke0(Native Method)
	at sun.reflect.NativeMethodAccessorImpl.invoke(Unknown Source)
	at sun.reflect.DelegatingMethodAccessorImpl.invoke(Unknown Source)
	at java.lang.reflect.Method.invoke(Unknown Source)
	at org.testng.internal.MethodInvocationHelper.invokeMethod(MethodInvocationHelper.java:108)
	at org.testng.internal.Invoker.invokeMethod(Invoker.java:661)
	at org.testng.internal.Invoker.invokeTestMethod(Invoker.java:869)
	at org.testng.internal.Invoker.invokeTestMethods(Invoker.java:1193)
	at org.testng.internal.TestMethodWorker.invokeTestMethods(TestMethodWorker.java:126)
	at org.testng.internal.TestMethodWorker.run(TestMethodWorker.java:109)
	at org.testng.TestRunner.privateRun(TestRunner.java:744)
	at org.testng.TestRunner.run(TestRunner.java:602)
	at org.testng.SuiteRunner.runTest(SuiteRunner.java:380)
	at org.testng.SuiteRunner.runSequentially(SuiteRunner.java:375)
	at org.testng.SuiteRunner.privateRun(SuiteRunner.java:340)
	at org.testng.SuiteRunner.run(SuiteRunner.java:289)
	at org.testng.SuiteRunnerWorker.runSuite(SuiteRunnerWorker.java:52)
	at org.testng.SuiteRunnerWorker.run(SuiteRunnerWorker.java:86)
	at org.testng.TestNG.runSuitesSequentially(TestNG.java:1301)
	at org.testng.TestNG.runSuitesLocally(TestNG.java:1226)
	at org.testng.TestNG.runSuites(TestNG.java:1144)
	at org.testng.TestNG.run(TestNG.java:1115)
	at org.testng.remote.AbstractRemoteTestNG.run(AbstractRemoteTestNG.java:114)
	at org.testng.remote.RemoteTestNG.initAndRun(RemoteTestNG.java:251)
	at org.testng.remote.RemoteTestNG.main(RemoteTestNG.java:77)
]]>
            </full-stacktrace>
          </exception> <!-- java.lang.AssertionError -->
          <reporter-output>
          </reporter-output>
        </test-method> <!-- LoginPageTitleTest -->
        <test-method status="PASS" signature="tearDown()[pri:0, instance:com.crm.qa.testcases.LoginPageTest@64bf3bbf]" name="tearDown" is-config="true" duration-ms="652" started-at="2018-08-04T11:47:38Z" finished-at="2018-08-04T11:47:39Z">
          <reporter-output>
          </reporter-output>
        </test-method> <!-- tearDown -->
        <test-method status="PASS" signature="setUp()[pri:0, instance:com.crm.qa.testcases.LoginPageTest@64bf3bbf]" name="setUp" is-config="true" duration-ms="5368" started-at="2018-08-04T11:48:00Z" finished-at="2018-08-04T11:48:05Z">
          <reporter-output>
          </reporter-output>
        </test-method> <!-- setUp -->
        <test-method status="PASS" signature="crmLogoImageTest()[pri:2, instance:com.crm.qa.testcases.LoginPageTest@64bf3bbf]" name="crmLogoImageTest" duration-ms="82" started-at="2018-08-04T11:48:05Z" finished-at="2018-08-04T11:48:05Z">
          <reporter-output>
          </reporter-output>
        </test-method> <!-- crmLogoImageTest -->
        <test-method status="PASS" signature="tearDown()[pri:0, instance:com.crm.qa.testcases.LoginPageTest@64bf3bbf]" name="tearDown" is-config="true" duration-ms="632" started-at="2018-08-04T11:48:05Z" finished-at="2018-08-04T11:48:06Z">
          <reporter-output>
          </reporter-output>
        </test-method> <!-- tearDown -->
        <test-method status="PASS" signature="setUp()[pri:0, instance:com.crm.qa.testcases.LoginPageTest@64bf3bbf]" name="setUp" is-config="true" duration-ms="5432" started-at="2018-08-04T11:48:24Z" finished-at="2018-08-04T11:48:30Z">
          <reporter-output>
          </reporter-output>
        </test-method> <!-- setUp -->
        <test-method status="PASS" signature="loginTest()[pri:3, instance:com.crm.qa.testcases.LoginPageTest@64bf3bbf]" name="loginTest" duration-ms="2459" started-at="2018-08-04T11:48:30Z" finished-at="2018-08-04T11:48:32Z">
          <reporter-output>
          </reporter-output>
        </test-method> <!-- loginTest -->
        <test-method status="PASS" signature="tearDown()[pri:0, instance:com.crm.qa.testcases.LoginPageTest@64bf3bbf]" name="tearDown" is-config="true" duration-ms="647" started-at="2018-08-04T11:48:32Z" finished-at="2018-08-04T11:48:33Z">
          <reporter-output>
          </reporter-output>
        </test-method> <!-- tearDown -->
      </class> <!-- com.crm.qa.testcases.LoginPageTest -->
    </test> <!-- Default test -->
  </suite> <!-- Default suite -->
</testng-results>
